Arguments: 
  C:\Program Files\nodejs\node.exe C:\Program Files (x86)\Yarn\bin\yarn.js add dotenv

PATH: 
  C:\WINDOWS\system32;C:\WINDOWS;C:\WINDOWS\System32\Wbem;C:\WINDOWS\System32\WindowsPowerShell\v1.0\;C:\WINDOWS\System32\OpenSSH\;C:\Program Files\Git\cmd;C:\Program Files (x86)\Yarn\bin\;%NVM_HOME%;%NVM_SYMLINK%;C:\Program Files\nodejs\;C:\Program Files\Docker\Docker\resources\bin;C:\Users\AnanthanGananamoorth\.console-ninja\.bin;C:\Users\AnanthanGananamoorth\AppData\Local\Microsoft\WindowsApps;C:\Users\AnanthanGananamoorth\AppData\Local\Programs\Microsoft VS Code\bin;C:\Users\AnanthanGananamoorth\AppData\Local\Yarn\bin;C:\MY\PROGRAMSETUP\PHP\php-8.2.6;C:\Users\AnanthanGananamoorth\AppData\Local\ComposerSetup\bin;C:\Users\AnanthanGananamoorth\AppData\Roaming\Composer\vendor\bin;C:\Users\AnanthanGananamoorth\AppData\Local\GitHubDesktop\bin;C:\Users\AnanthanGananamoorth\AppData\Local\JetBrains\WebStorm 2023.1.3\bin;C:\Users\AnanthanGananamoorth\AppData\Local\JetBrains\IntelliJ IDEA 2023.1.3\bin;C:\Users\AnanthanGananamoorth\AppData\Roaming\npm;C:\Swivel Project\Hackathon\ffmpeg7\ezyZip\ffmpeg-2023-09-07-git-9c9f48e7f2-full_build\bin;

Yarn version: 
  1.22.19

Node version: 
  18.17.1

Platform: 
  win32 x64

Trace: 
  Error: EPERM: operation not permitted, unlink 'C:\Swivel Project\Hackathon\content-generator\api\node_modules\canvas\build\Release\libbrotlidec.dll'

npm manifest: 
  {
    "name": "api",
    "version": "1.0.0",
    "description": "",
    "main": "index.js",
    "scripts": {
      "test": "echo \"Error: no test specified\" && exit 1",
      "deploy": "sls deploy",
      "start": "node src/server.js"
    },
    "keywords": [],
    "author": "",
    "license": "ISC",
    "dependencies": {
      "@types/aws-lambda": "^8.10.119",
      "aws-lambda": "^1.0.7",
      "cors": "^2.8.5",
      "esbuild": "^0.17.19",
      "express": "^4.18.2",
      "ffcreator": "^7.2.2",
      "multer": "^1.4.5-lts.1",
      "serverless-esbuild": "^1.46.0"
    }
  }

yarn manifest: 
  No manifest

Lockfile: 
  No lockfile
